<?xml version="1.0" encoding="UTF-8"?>
<testng-results skipped="0" failed="0" ignored="0" total="1" passed="1">
  <reporter-output>
  </reporter-output>
  <suite name="Suite" duration-ms="90274" started-at="2018-03-21T12:14:42Z" finished-at="2018-03-21T12:16:12Z">
    <groups>
    </groups>
    <test name="Test" duration-ms="90274" started-at="2018-03-21T12:14:42Z" finished-at="2018-03-21T12:16:12Z">
      <class name="testcases.BookTest">
        <test-method status="PASS" signature="suitesetup()[pri:0, instance:testcases.BookTest@cb5822]" name="suitesetup" is-config="true" duration-ms="62" started-at="2018-03-21T12:14:41Z" finished-at="2018-03-21T12:14:42Z">
          <reporter-output>
          </reporter-output>
        </test-method> <!-- suitesetup -->
        <test-method status="PASS" signature="launchBrowser()[pri:0, instance:testcases.BookTest@cb5822]" name="launchBrowser" is-config="true" duration-ms="48756" started-at="2018-03-21T12:14:42Z" finished-at="2018-03-21T12:15:30Z">
          <reporter-output>
          </reporter-output>
        </test-method> <!-- launchBrowser -->
        <test-method status="PASS" signature="initilisation()[pri:0, instance:testcases.BookTest@cb5822]" name="initilisation" duration-ms="41405" started-at="2018-03-21T12:15:30Z" finished-at="2018-03-21T12:16:12Z">
          <reporter-output>
          </reporter-output>
        </test-method> <!-- initilisation -->
      </class> <!-- testcases.BookTest -->
    </test> <!-- Test -->
  </suite> <!-- Suite -->
</testng-results>
